This is pdfTeX, Version 3.14159265-2.6-1.40.18 (TeX Live 2017/TeX Live for SUSE Linux) (preloaded format=pdflatex 2019.9.2)  1 MAY 2020 08:57
entering extended mode
 restricted \write18 enabled.
 %&-line parsing enabled.
**latex_advanced.tex
(./latex_advanced.tex
LaTeX2e <2017-04-15>
Babel <3.10> and hyphenation patterns for 50 language(s) loaded.
(/usr/share/texmf/tex/latex/base/article.cls
Document Class: article 2014/09/29 v1.4h Standard LaTeX document class
(/usr/share/texmf/tex/latex/base/size10.clo
File: size10.clo 2014/09/29 v1.4h Standard LaTeX file (size option)
)
\c@part=\count79
\c@section=\count80
\c@subsection=\count81
\c@subsubsection=\count82
\c@paragraph=\count83
\c@subparagraph=\count84
\c@figure=\count85
\c@table=\count86
\abovecaptionskip=\skip41
\belowcaptionskip=\skip42
\bibindent=\dimen102
)
(/usr/share/texmf/tex/latex/tools/multicol.sty
Package: multicol 2017/04/11 v1.8q multicolumn formatting (FMi)
\c@tracingmulticols=\count87
\mult@box=\box26
\multicol@leftmargin=\dimen103
\c@unbalance=\count88
\c@collectmore=\count89
\doublecol@number=\count90
\multicoltolerance=\count91
\multicolpretolerance=\count92
\full@width=\dimen104
\page@free=\dimen105
\premulticols=\dimen106
\postmulticols=\dimen107
\multicolsep=\skip43
\multicolbaselineskip=\skip44
\partial@page=\box27
\last@line=\box28
\maxbalancingoverflow=\dimen108
\mult@rightbox=\box29
\mult@grightbox=\box30
\mult@gfirstbox=\box31
\mult@firstbox=\box32
\@tempa=\box33
\@tempa=\box34
\@tempa=\box35
\@tempa=\box36
\@tempa=\box37
\@tempa=\box38
\@tempa=\box39
\@tempa=\box40
\@tempa=\box41
\@tempa=\box42
\@tempa=\box43
\@tempa=\box44
\@tempa=\box45
\@tempa=\box46
\@tempa=\box47
\@tempa=\box48
\@tempa=\box49
\c@columnbadness=\count93
\c@finalcolumnbadness=\count94
\last@try=\dimen109
\multicolovershoot=\dimen110
\multicolundershoot=\dimen111
\mult@nat@firstbox=\box50
\colbreak@box=\box51
\mc@col@check@num=\count95
)
(/usr/share/texmf/tex/latex/tools/longtable.sty
Package: longtable 2014/10/28 v4.11 Multi-page Table package (DPC)
\LTleft=\skip45
\LTright=\skip46
\LTpre=\skip47
\LTpost=\skip48
\LTchunksize=\count96
\LTcapwidth=\dimen112
\LT@head=\box52
\LT@firsthead=\box53
\LT@foot=\box54
\LT@lastfoot=\box55
\LT@cols=\count97
\LT@rows=\count98
\c@LT@tables=\count99
\c@LT@chunks=\count100
\LT@p@ftn=\toks14
)
(/usr/share/texmf/tex/latex/psnfss/palatino.sty
Package: palatino 2005/04/12 PSNFSS-v9.2a (SPQR) 
)
(/usr/share/texmf/tex/latex/ntgclass/a4.sty
Package: a4 2004/04/15 v1.2g A4 based page layout
)
(/usr/share/texmf/tex/latex/graphics/graphics.sty
Package: graphics 2017/04/14 v1.1b Standard LaTeX Graphics (DPC,SPQR)

(/usr/share/texmf/tex/latex/graphics/trig.sty
Package: trig 2016/01/03 v1.10 sin cos tan (DPC)
)
(/usr/share/texmf/tex/latex/graphics-cfg/graphics.cfg
File: graphics.cfg 2016/06/04 v1.11 sample graphics configuration
)
Package graphics Info: Driver file: dvips.def on input line 99.

(/usr/share/texmf/tex/latex/graphics-def/dvips.def
File: dvips.def 2016/07/10 v3.1a Driver-dependent file (DPC,SPQR)
))
(/usr/share/texmf/tex/latex/graphics/color.sty
Package: color 2016/07/10 v1.1e Standard LaTeX Color (DPC)

(/usr/share/texmf/tex/latex/graphics-cfg/color.cfg
File: color.cfg 2016/01/02 v1.6 sample color configuration
)
Package color Info: Driver file: dvips.def on input line 147.

(/usr/share/texmf/tex/latex/graphics/dvipsnam.def
File: dvipsnam.def 2016/06/17 v3.0m Driver-dependent file (DPC,SPQR)
))
(/usr/share/texmf/tex/latex/tools/array.sty
Package: array 2016/10/06 v2.4d Tabular extension package (FMi)
\col@sep=\dimen113
\extrarowheight=\dimen114
\NC@list=\toks15
\extratabsurround=\skip49
\backup@length=\skip50
)
(/usr/share/texmf/tex/latex/psnfss/pifont.sty
Package: pifont 2005/04/12 PSNFSS-v9.2a Pi font support (SPQR) 
LaTeX Font Info:    Try loading font information for U+pzd on input line 63.

(/usr/share/texmf/tex/latex/psnfss/upzd.fd
File: upzd.fd 2001/06/04 font definitions for U/pzd.
)
LaTeX Font Info:    Try loading font information for U+psy on input line 64.

(/usr/share/texmf/tex/latex/psnfss/upsy.fd
File: upsy.fd 2001/06/04 font definitions for U/psy.
))
(/usr/share/texmf/tex/latex/fancyhdr/fancyhdr.sty
Package: fancyhdr 2016/10/11 v3.9 Extensive control of page headers and footers

\f@nch@headwidth=\skip51
\f@nch@O@elh=\skip52
\f@nch@O@erh=\skip53
\f@nch@O@olh=\skip54
\f@nch@O@orh=\skip55
\f@nch@O@elf=\skip56
\f@nch@O@erf=\skip57
\f@nch@O@olf=\skip58
\f@nch@O@orf=\skip59
)
(/usr/share/texmf/tex/latex/html/html.sty
(/usr/share/texmf/tex/latex/hyperref/hyperref.sty
Package: hyperref 2017/03/14 v6.85a Hypertext links for LaTeX

(/usr/share/texmf/tex/generic/oberdiek/hobsub-hyperref.sty
Package: hobsub-hyperref 2016/05/16 v1.14 Bundle oberdiek, subset hyperref (HO)


(/usr/share/texmf/tex/generic/oberdiek/hobsub-generic.sty
Package: hobsub-generic 2016/05/16 v1.14 Bundle oberdiek, subset generic (HO)
Package: hobsub 2016/05/16 v1.14 Construct package bundles (HO)
Package: infwarerr 2016/05/16 v1.4 Providing info/warning/error messages (HO)
Package: ltxcmds 2016/05/16 v1.23 LaTeX kernel commands for general use (HO)
Package: ifluatex 2016/05/16 v1.4 Provides the ifluatex switch (HO)
Package ifluatex Info: LuaTeX not detected.
Package: ifvtex 2016/05/16 v1.6 Detect VTeX and its facilities (HO)
Package ifvtex Info: VTeX not detected.
Package: intcalc 2016/05/16 v1.2 Expandable calculations with integers (HO)
Package: ifpdf 2017/03/15 v3.2 Provides the ifpdf switch
Package: etexcmds 2016/05/16 v1.6 Avoid name clashes with e-TeX commands (HO)
Package etexcmds Info: Could not find \expanded.
(etexcmds)             That can mean that you are not using pdfTeX 1.50 or
(etexcmds)             that some package has redefined \expanded.
(etexcmds)             In the latter case, load this package earlier.
Package: kvsetkeys 2016/05/16 v1.17 Key value parser (HO)
Package: kvdefinekeys 2016/05/16 v1.4 Define keys (HO)
Package: pdftexcmds 2017/03/19 v0.25 Utility functions of pdfTeX for LuaTeX (HO
)
Package pdftexcmds Info: LuaTeX not detected.
Package pdftexcmds Info: \pdf@primitive is available.
Package pdftexcmds Info: \pdf@ifprimitive is available.
Package pdftexcmds Info: \pdfdraftmode found.
Package: pdfescape 2016/05/16 v1.14 Implements pdfTeX's escape features (HO)
Package: bigintcalc 2016/05/16 v1.4 Expandable calculations on big integers (HO
)
Package: bitset 2016/05/16 v1.2 Handle bit-vector datatype (HO)
Package: uniquecounter 2016/05/16 v1.3 Provide unlimited unique counter (HO)
)
Package hobsub Info: Skipping package `hobsub' (already loaded).
Package: letltxmacro 2016/05/16 v1.5 Let assignment for LaTeX macros (HO)
Package: hopatch 2016/05/16 v1.3 Wrapper for package hooks (HO)
Package: xcolor-patch 2016/05/16 xcolor patch
Package: atveryend 2016/05/16 v1.9 Hooks at the very end of document (HO)
Package atveryend Info: \enddocument detected (standard20110627).
Package: atbegshi 2016/06/09 v1.18 At begin shipout hook (HO)
Package: refcount 2016/05/16 v3.5 Data extraction from label references (HO)
Package: hycolor 2016/05/16 v1.8 Color options for hyperref/bookmark (HO)
)
(/usr/share/texmf/tex/latex/graphics/keyval.sty
Package: keyval 2014/10/28 v1.15 key=value parser (DPC)
\KV@toks@=\toks16
)
(/usr/share/texmf/tex/generic/ifxetex/ifxetex.sty
Package: ifxetex 2010/09/12 v0.6 Provides ifxetex conditional
)
(/usr/share/texmf/tex/latex/oberdiek/auxhook.sty
Package: auxhook 2016/05/16 v1.4 Hooks for auxiliary files (HO)
)
(/usr/share/texmf/tex/latex/oberdiek/kvoptions.sty
Package: kvoptions 2016/05/16 v3.12 Key value format for package options (HO)
)
\@linkdim=\dimen115
\Hy@linkcounter=\count101
\Hy@pagecounter=\count102

(/usr/share/texmf/tex/latex/hyperref/pd1enc.def
File: pd1enc.def 2017/03/14 v6.85a Hyperref: PDFDocEncoding definition (HO)
)
\Hy@SavedSpaceFactor=\count103

(/usr/share/texmf/tex/latex/latexconfig/hyperref.cfg
File: hyperref.cfg 2002/06/06 v1.2 hyperref configuration of TeXLive
)

! Package hyperref Error: Wrong DVI mode driver option `dvips',
(hyperref)                because pdfTeX or LuaTeX is running in PDF mode.

See the hyperref package documentation for explanation.
Type  H <return>  for immediate help.
 ...                                              
                                                  
l.4374 \ProcessKeyvalOptions{Hyp}
                                 
Try typing  <return>  to proceed.
If that doesn't work, type  X <return>  to quit.

Package hyperref Info: Hyper figures OFF on input line 4498.
Package hyperref Info: Link nesting OFF on input line 4503.
Package hyperref Info: Hyper index ON on input line 4506.
Package hyperref Info: Plain pages OFF on input line 4513.
Package hyperref Info: Backreferencing OFF on input line 4518.
Package hyperref Info: Implicit mode ON; LaTeX internals redefined.
Package hyperref Info: Bookmarks ON on input line 4751.
\c@Hy@tempcnt=\count104
(/usr/share/texmf/tex/latex/url/url.sty
\Urlmuskip=\muskip10
Package: url 2013/09/16  ver 3.4  Verb mode for urls, etc.
)
LaTeX Info: Redefining \url on input line 5104.
\XeTeXLinkMargin=\dimen116
\Fld@menulength=\count105
\Field@Width=\dimen117
\Fld@charsize=\dimen118
Package hyperref Info: Hyper figures OFF on input line 6358.
Package hyperref Info: Link nesting OFF on input line 6363.
Package hyperref Info: Hyper index ON on input line 6366.
Package hyperref Info: backreferencing OFF on input line 6373.
Package hyperref Info: Link coloring OFF on input line 6378.
Package hyperref Info: Link coloring with OCG OFF on input line 6383.
Package hyperref Info: PDF/A mode OFF on input line 6388.
LaTeX Info: Redefining \ref on input line 6428.
LaTeX Info: Redefining \pageref on input line 6432.
\Hy@abspage=\count106
\c@Item=\count107
\c@Hfootnote=\count108
)

Package hyperref Message: Driver: hpdftex.

(/usr/share/texmf/tex/latex/hyperref/hpdftex.def
File: hpdftex.def 2017/03/14 v6.85a Hyperref driver for pdfTeX
\Fld@listcount=\count109
\c@bookmark@seq@number=\count110

(/usr/share/texmf/tex/latex/oberdiek/rerunfilecheck.sty
Package: rerunfilecheck 2016/05/16 v1.8 Rerun checks for auxiliary files (HO)
Package uniquecounter Info: New unique counter `rerunfilecheck' on input line 2
82.
)
\Hy@SectionHShift=\skip60
)
Package: html 1999/07/19 v1.38 hypertext commands for latex2html (nd, hws, rrm)

\c@lpart=\count111
\c@lchapter=\count112
\c@chapter=\count113
\c@lsection=\count114
\c@lsubsection=\count115
\c@lsubsubsection=\count116
\c@lparagraph=\count117
\c@lsubparagraph=\count118
\c@lsubsubparagraph=\count119
\ptrfile=\write3
)
(./latex_advanced.aux)
\openout1 = `latex_advanced.aux'.

LaTeX Font Info:    Checking defaults for OML/cmm/m/it on input line 12.
LaTeX Font Info:    ... okay on input line 12.
LaTeX Font Info:    Checking defaults for T1/cmr/m/n on input line 12.
LaTeX Font Info:    ... okay on input line 12.
LaTeX Font Info:    Checking defaults for OT1/cmr/m/n on input line 12.
LaTeX Font Info:    ... okay on input line 12.
LaTeX Font Info:    Checking defaults for OMS/cmsy/m/n on input line 12.
LaTeX Font Info:    ... okay on input line 12.
LaTeX Font Info:    Checking defaults for OMX/cmex/m/n on input line 12.
LaTeX Font Info:    ... okay on input line 12.
LaTeX Font Info:    Checking defaults for U/cmr/m/n on input line 12.
LaTeX Font Info:    ... okay on input line 12.
LaTeX Font Info:    Checking defaults for PD1/pdf/m/n on input line 12.
LaTeX Font Info:    ... okay on input line 12.
LaTeX Font Info:    Try loading font information for OT1+ppl on input line 12.
 (/usr/share/texmf/tex/latex/psnfss/ot1ppl.fd
File: ot1ppl.fd 2001/06/04 font definitions for OT1/ppl.
)
\AtBeginShipoutBox=\box56
Package hyperref Info: Link coloring OFF on input line 12.

(/usr/share/texmf/tex/latex/hyperref/nameref.sty
Package: nameref 2016/05/21 v2.44 Cross-referencing by name of section

(/usr/share/texmf/tex/generic/oberdiek/gettitlestring.sty
Package: gettitlestring 2016/05/16 v1.5 Cleanup title references (HO)
)
\c@section@level=\count120
)
LaTeX Info: Redefining \ref on input line 12.
LaTeX Info: Redefining \pageref on input line 12.
LaTeX Info: Redefining \nameref on input line 12.

(./latex_advanced.out) (./latex_advanced.out)
\@outlinefile=\write4
\openout4 = `latex_advanced.out'.

LaTeX Font Info:    External font `cmex10' loaded for size
(Font)              <17.28> on input line 21.
LaTeX Font Info:    External font `cmex10' loaded for size
(Font)              <12> on input line 21.
LaTeX Font Info:    External font `cmex10' loaded for size
(Font)              <8> on input line 21.
LaTeX Font Info:    External font `cmex10' loaded for size
(Font)              <6> on input line 21.
LaTeX Font Info:    External font `cmex10' loaded for size
(Font)              <7> on input line 24.
LaTeX Font Info:    External font `cmex10' loaded for size
(Font)              <5> on input line 24.
LaTeX Font Info:    Try loading font information for OT1+pcr on input line 29.

(/usr/share/texmf/tex/latex/psnfss/ot1pcr.fd
File: ot1pcr.fd 2001/06/04 font definitions for OT1/pcr.
)
LaTeX Font Info:    Try loading font information for OMS+ppl on input line 35.

(/usr/share/texmf/tex/latex/psnfss/omsppl.fd
File: omsppl.fd 
)
LaTeX Font Info:    Font shape `OMS/ppl/m/n' in size <10> not available
(Font)              Font shape `OMS/cmsy/m/n' tried instead on input line 35.
LaTeX Font Info:    Font shape `OT1/ppl/bx/n' in size <14.4> not available
(Font)              Font shape `OT1/ppl/b/n' tried instead on input line 43.
 (./latex_advanced.toc
LaTeX Font Info:    Font shape `OT1/ppl/bx/n' in size <10> not available
(Font)              Font shape `OT1/ppl/b/n' tried instead on input line 1.
LaTeX Font Info:    Font shape `OT1/ppl/bx/n' in size <7> not available
(Font)              Font shape `OT1/ppl/b/n' tried instead on input line 1.
 [1
Non-PDF special ignored!
Non-PDF special ignored!
Non-PDF special ignored!


Non-PDF special ignored!
Non-PDF special ignored!{/var/lib/texmf/fonts/map/pdftex/updmap/pdftex.map}
Non-PDF special ignored!
Non-PDF special ignored!
Non-PDF special ignored!
Non-PDF special ignored!
Non-PDF special ignored!
Non-PDF special ignored!
Non-PDF special ignored!
Non-PDF special ignored!
Non-PDF special ignored!
Non-PDF special ignored!
Non-PDF special ignored!
Non-PDF special ignored!
Non-PDF special ignored!
Non-PDF special ignored!
Non-PDF special ignored!
Non-PDF special ignored!
Non-PDF special ignored!
Non-PDF special ignored!
Non-PDF special ignored!
Non-PDF special ignored!
Non-PDF special ignored!
Non-PDF special ignored!
Non-PDF special ignored!
Non-PDF special ignored!
Non-PDF special ignored!
Non-PDF special ignored!
Non-PDF special ignored!
Non-PDF special ignored!
Non-PDF special ignored!
Non-PDF special ignored!
Non-PDF special ignored!
Non-PDF special ignored!
Non-PDF special ignored!
Non-PDF special ignored!
Non-PDF special ignored!
Non-PDF special ignored!
Non-PDF special ignored!
Non-PDF special ignored!])
\tf@toc=\write5
\openout5 = `latex_advanced.toc'.

LaTeX Font Info:    External font `cmex10' loaded for size
(Font)              <14.4> on input line 45.
LaTeX Font Info:    Font shape `OT1/ppl/bx/n' in size <12> not available
(Font)              Font shape `OT1/ppl/b/n' tried instead on input line 46.
 [2
Non-PDF special ignored!
Non-PDF special ignored!
Non-PDF special ignored!
Non-PDF special ignored!
Non-PDF special ignored!
Non-PDF special ignored!
Non-PDF special ignored!
Non-PDF special ignored!
Non-PDF special ignored!
Non-PDF special ignored!
Non-PDF special ignored!
Non-PDF special ignored!
Non-PDF special ignored!
Non-PDF special ignored!
Non-PDF special ignored!
Non-PDF special ignored!
Non-PDF special ignored!
Non-PDF special ignored!
Non-PDF special ignored!
Non-PDF special ignored!
Non-PDF special ignored!
Non-PDF special ignored!
Non-PDF special ignored!
Non-PDF special ignored!
Non-PDF special ignored!
Non-PDF special ignored!
Non-PDF special ignored!
Non-PDF special ignored!
Non-PDF special ignored!
Non-PDF special ignored!
Non-PDF special ignored!
Non-PDF special ignored!
Non-PDF special ignored!
Non-PDF special ignored!
Non-PDF special ignored!
Non-PDF special ignored!
Non-PDF special ignored!
Non-PDF special ignored!
Non-PDF special ignored!
Non-PDF special ignored!] [3
Non-PDF special ignored!
Non-PDF special ignored!
Non-PDF special ignored!
Non-PDF special ignored!
Non-PDF special ignored!
Non-PDF special ignored!
Non-PDF special ignored!
Non-PDF special ignored!
Non-PDF special ignored!
Non-PDF special ignored!
Non-PDF special ignored!
Non-PDF special ignored!
Non-PDF special ignored!
Non-PDF special ignored!
Non-PDF special ignored!
Non-PDF special ignored!
Non-PDF special ignored!
Non-PDF special ignored!
Non-PDF special ignored!
Non-PDF special ignored!
Non-PDF special ignored!
Non-PDF special ignored!
Non-PDF special ignored!
Non-PDF special ignored!
Non-PDF special ignored!
Non-PDF special ignored!]
Overfull \hbox (46.04839pt too wide) in paragraph at lines 169--176
[][]\OT1/pcr/m/n/10 \label []\OT1/ppl/m/n/10 is frag-ile which causes a prob-le
m in [][]\OT1/pcr/m/n/10 \caption{Picture\label{margin}}[]\OT1/ppl/m/n/10 ,
 []


Overfull \hbox (5.13878pt too wide) in paragraph at lines 169--176
\OT1/ppl/m/n/10 so the safer con-struc-tion [][]\OT1/pcr/m/n/10 \caption{Pictur
e\protect\label{margin}}
 []

LaTeX Font Info:    Font shape `OT1/ppl/bx/n' in size <8> not available
(Font)              Font shape `OT1/ppl/b/n' tried instead on input line 193.
[4
Non-PDF special ignored!
Non-PDF special ignored!
Non-PDF special ignored!
Non-PDF special ignored!
Non-PDF special ignored!
Non-PDF special ignored!
Non-PDF special ignored!
Non-PDF special ignored!
Non-PDF special ignored!
Non-PDF special ignored!
Non-PDF special ignored!
Non-PDF special ignored!
Non-PDF special ignored!
Non-PDF special ignored!
Non-PDF special ignored!
Non-PDF special ignored!
Non-PDF special ignored!
Non-PDF special ignored!
Non-PDF special ignored!
Non-PDF special ignored!
Non-PDF special ignored!
Non-PDF special ignored!]
LaTeX Font Info:    Font shape `OT1/pcr/bx/n' in size <10> not available
(Font)              Font shape `OT1/pcr/b/n' tried instead on input line 210.

Overfull \hbox (1.37675pt too wide) in paragraph at lines 225--230
[]\OT1/ppl/m/n/10 Avoid re-peat-ing con-struc-tions. In-stead, write your own m
acros and com-mands,
 []


Overfull \hbox (17.27666pt too wide) in paragraph at lines 234--241
[]\OT1/ppl/b/n/10 Counters \OT1/ppl/m/n/10 :- L[]T[]X main-tains many counter v
ari-ables (\OT1/ppl/m/it/10 e.g. \OT1/pcr/m/n/10 page\OT1/ppl/m/n/10 , \OT1/pcr
/m/n/10 part\OT1/ppl/m/n/10 , \OT1/pcr/m/n/10 equation\OT1/ppl/m/n/10 ,
 []


Overfull \hbox (12.75014pt too wide) in paragraph at lines 234--241
\OT1/pcr/m/n/10 footnote\OT1/ppl/m/n/10 , \OT1/pcr/m/n/10 chapter\OT1/ppl/m/n/1
0 , \OT1/pcr/m/n/10 paragraph\OT1/ppl/m/n/10 , \OT1/pcr/m/n/10 section\OT1/ppl/
m/n/10 , \OT1/pcr/m/n/10 subsection\OT1/ppl/m/n/10 , \OT1/pcr/m/n/10 subsubsect
ion\OT1/ppl/m/n/10 ,
 []

[5
Non-PDF special ignored!
Non-PDF special ignored!
Non-PDF special ignored!
Non-PDF special ignored!
Non-PDF special ignored!
Non-PDF special ignored!
Non-PDF special ignored!
Non-PDF special ignored!
Non-PDF special ignored!
Non-PDF special ignored!
Non-PDF special ignored!
Non-PDF special ignored!
Non-PDF special ignored!
Non-PDF special ignored!
Non-PDF special ignored!
Non-PDF special ignored!
Non-PDF special ignored!
Non-PDF special ignored!
Non-PDF special ignored!
Non-PDF special ignored!]
Overfull \hbox (10.83871pt too wide) in paragraph at lines 274--281
[]\OT1/ppl/b/n/10 Document classes\OT1/ppl/m/n/10 : The stan-dard classes are \
OT1/pcr/m/n/10 article\OT1/ppl/m/n/10 , \OT1/pcr/m/n/10 book\OT1/ppl/m/n/10 , \
OT1/pcr/m/n/10 letter\OT1/ppl/m/n/10 , \OT1/pcr/m/n/10 report\OT1/ppl/m/n/10 ,
 []


Overfull \hbox (5.65004pt too wide) in paragraph at lines 318--318
 []\OT1/pcr/m/n/10 \setlength{\oddsidemargin}{0.75in} % odd page left margin[] 

 []


Overfull \hbox (17.65004pt too wide) in paragraph at lines 318--318
 []\OT1/pcr/m/n/10 \setlength{\evensidemargin}{0.75in} % even page left margin[
] 
 []

[6
Non-PDF special ignored!
Non-PDF special ignored!
Non-PDF special ignored!
Non-PDF special ignored!
Non-PDF special ignored!
Non-PDF special ignored!
Non-PDF special ignored!
Non-PDF special ignored!
Non-PDF special ignored!
Non-PDF special ignored!
Non-PDF special ignored!
Non-PDF special ignored!
Non-PDF special ignored!
Non-PDF special ignored!
Non-PDF special ignored!
Non-PDF special ignored!
Non-PDF special ignored!
Non-PDF special ignored!
Non-PDF special ignored!
Non-PDF special ignored!]
Overfull \hbox (119.47633pt too wide) in paragraph at lines 334--339
\OT1/ppl/m/n/10 say), run la-tex on it, con-vert the re-sult-ing file to Postsc
ript us-ing ``[][]\OT1/pcr/m/n/10 dvips -t a3 foo.dvi -ofoo.ps[]\OT1/ppl/m/n/10
 ''
 []


Overfull \hbox (0.53598pt too wide) in paragraph at lines 363--366
[]\OT1/ppl/m/n/10 this sup-presses page num-ber-ing al-to-gether, ex-cept on th
e ti-tle page
 []


Overfull \hbox (5.65004pt too wide) in paragraph at lines 387--387
 []   \OT1/pcr/m/n/10 {Pagebreaks, space, footnotes, references, boxes, etc}[] 

 []


Overfull \hbox (13.97786pt too wide) in paragraph at lines 389--394
[]\OT1/ppl/b/n/10 Sectioning \OT1/ppl/m/n/10 :- To start a chap-ter called \OT1
/ppl/b/n/10 Life \OT1/ppl/m/n/10 in a \OT1/pcr/m/n/10 book\OT1/ppl/m/n/10 , jus
t use [][]\OT1/pcr/m/n/10 \chapter{Life}[]\OT1/ppl/m/n/10 .
 []

[7
Non-PDF special ignored!
Non-PDF special ignored!
Non-PDF special ignored!
Non-PDF special ignored!
Non-PDF special ignored!
Non-PDF special ignored!
Non-PDF special ignored!
Non-PDF special ignored!
Non-PDF special ignored!
Non-PDF special ignored!
Non-PDF special ignored!
Non-PDF special ignored!
Non-PDF special ignored!
Non-PDF special ignored!
Non-PDF special ignored!
Non-PDF special ignored!
Non-PDF special ignored!
Non-PDF special ignored!
Non-PDF special ignored!
Non-PDF special ignored!
Non-PDF special ignored!
Non-PDF special ignored!
Non-PDF special ignored!
Non-PDF special ignored!
Non-PDF special ignored!
Non-PDF special ignored!
Non-PDF special ignored!
Non-PDF special ignored!]
Overfull \hbox (5.65004pt too wide) in paragraph at lines 429--429
 []\OT1/pcr/m/n/10 You can create vertical space \vspace{.5cm} between lines[] 

 []


Overfull \hbox (0.31726pt too wide) in paragraph at lines 430--436
\OT1/ppl/m/n/10 tween words. The ar-gu-ments to these com-mands can be neg-a-ti
ve. [][]\OT1/pcr/m/n/10 \vspace*
 []


Overfull \hbox (8.7973pt too wide) in paragraph at lines 463--471
[]\OT1/ppl/b/n/10 Cross Ref-er-ences \OT1/ppl/m/n/10 :- At the end of this sour
ce file is the line [][]\OT1/pcr/m/n/10 \label{THE_END}[]\OT1/ppl/m/n/10 .
 []


Overfull \hbox (28.92805pt too wide) in paragraph at lines 463--471
[][]\OT1/pcr/m/n/10 \pageref{THE_END} []\OT1/ppl/m/n/10 will re-fer to the fi-n
al page by num-ber, and [][]\OT1/pcr/m/n/10 \ref{THE_END}
 []

[8
Non-PDF special ignored!
Non-PDF special ignored!
Non-PDF special ignored!
Non-PDF special ignored!
Non-PDF special ignored!
Non-PDF special ignored!
Non-PDF special ignored!
Non-PDF special ignored!
Non-PDF special ignored!
Non-PDF special ignored!
Non-PDF special ignored!
Non-PDF special ignored!
Non-PDF special ignored!
Non-PDF special ignored!
Non-PDF special ignored!
Non-PDF special ignored!
Non-PDF special ignored!
Non-PDF special ignored!
Non-PDF special ignored!
Non-PDF special ignored!
Non-PDF special ignored!
Non-PDF special ignored!
Non-PDF special ignored!
Non-PDF special ignored!
Non-PDF special ignored!
Non-PDF special ignored!
Non-PDF special ignored!
Non-PDF special ignored!
Non-PDF special ignored!
Non-PDF special ignored!]
Overfull \hbox (25.00003pt too wide) in paragraph at lines 484--485
[] 
 []


Overfull \hbox (3.47693pt too wide) in paragraph at lines 502--504
[][][]\OT1/pcr/m/n/10 \colorbox{[]\OT1/ppl/m/it/10 colorname[][]\OT1/pcr/m/n/10
 }{[]\OT1/ppl/m/it/10 text[][]\OT1/pcr/m/n/10 } []\OT1/ppl/m/n/10 writes text i
n a box with a col-ored back-ground. 
 []


Overfull \hbox (15.54666pt too wide) in paragraph at lines 508--509
[][][]\OT1/pcr/m/n/10 \definecolor{[]\OT1/ppl/m/it/10 colorname[][]\OT1/pcr/m/n
/10 }{[]\OT1/ppl/m/it/10 color spec-i-fi-ca-tion[][]\OT1/pcr/m/n/10 } []\OT1/pp
l/m/n/10 lets you de-fine new color names. 
 []


Overfull \hbox (16.64958pt too wide) in paragraph at lines 518--518
[]\OT1/pcr/m/n/9 This is in \textcolor{red}{red} and this box is \colorbox{gold
}{gold}.[] 
 []


Overfull \hbox (0.4496pt too wide) in paragraph at lines 518--518
[]\OT1/pcr/m/n/9 (\textcolor[rgb]{0,1,0}{like so}), or \textcolor[gray]{0.2}{sh
ades}[] 
 []

LaTeX Font Info:    Font shape `OT1/ppl/m/ui' in size <10> not available
(Font)              Font shape `OT1/ppl/m/it' tried instead on input line 530.
LaTeX Font Info:    External font `cmex10' loaded for size
(Font)              <9> on input line 541.

Overfull \hbox (72.64449pt too wide) in alignment at lines 540--606
 [] [] [] [] [] [] 
 []

[9
Non-PDF special ignored!
Non-PDF special ignored!
Non-PDF special ignored!
Non-PDF special ignored!
Non-PDF special ignored!
Non-PDF special ignored!
Non-PDF special ignored!
Non-PDF special ignored!
Non-PDF special ignored!
Non-PDF special ignored!
Non-PDF special ignored!
Non-PDF special ignored!
Non-PDF special ignored!
Non-PDF special ignored!
Non-PDF special ignored!
Non-PDF special ignored!
Non-PDF special ignored!
Non-PDF special ignored!
Non-PDF special ignored!
Non-PDF special ignored!
Non-PDF special ignored!
Non-PDF special ignored!
Non-PDF special ignored!
Non-PDF special ignored!
Non-PDF special ignored!
Non-PDF special ignored!
Non-PDF special ignored!
Non-PDF special ignored!
Non-PDF special ignored!
Non-PDF special ignored!
Non-PDF special ignored!
Non-PDF special ignored!
Non-PDF special ignored!
Non-PDF special ignored!
Non-PDF special ignored!
Non-PDF special ignored!
Non-PDF special ignored!
Non-PDF special ignored!
Non-PDF special ignored!
Non-PDF special ignored!
Non-PDF special ignored!
Non-PDF special ignored!
Non-PDF special ignored!
Non-PDF special ignored!]
Overfull \hbox (72.64449pt too wide) in alignment at lines 606--668
 [] [] [] [] [] [] 
 []


Overfull \hbox (72.64449pt too wide) in alignment at lines 668--704
 [] [] [] [] [] [] 
 []

[10
Non-PDF special ignored!
Non-PDF special ignored!
Non-PDF special ignored!
Non-PDF special ignored!]
LaTeX Font Info:    Font shape `OT1/pcr/m/it' in size <10> not available
(Font)              Font shape `OT1/pcr/m/sl' tried instead on input line 741.
LaTeX Font Info:    Try loading font information for OT1+phv on input line 744.

 (/usr/share/texmf/tex/latex/psnfss/ot1phv.fd
File: ot1phv.fd 2001/06/04 scalable font definitions for OT1/phv.
)
LaTeX Font Info:    Font shape `OT1/phv/bx/n' in size <10> not available
(Font)              Font shape `OT1/phv/b/n' tried instead on input line 745.

[11
Non-PDF special ignored!
Non-PDF special ignored!
Non-PDF special ignored!
Non-PDF special ignored!
Non-PDF special ignored!
Non-PDF special ignored!
Non-PDF special ignored!
Non-PDF special ignored!
Non-PDF special ignored!
Non-PDF special ignored!]
Overfull \hbox (0.1278pt too wide) in paragraph at lines 788--810
 [] 
 []

[12
Non-PDF special ignored!
Non-PDF special ignored!
Non-PDF special ignored!
Non-PDF special ignored!
Non-PDF special ignored!
Non-PDF special ignored!
Non-PDF special ignored!
Non-PDF special ignored!
Non-PDF special ignored!
Non-PDF special ignored!
Non-PDF special ignored!
Non-PDF special ignored!
Non-PDF special ignored!
Non-PDF special ignored!
Non-PDF special ignored!
Non-PDF special ignored!]
Overfull \hbox (14.54607pt too wide) in paragraph at lines 907--912
\OT1/ppl/m/n/10 cur-rent at-tributes are used to de-ter-mine which font to use 
af-ter the next [][]\OT1/pcr/m/n/10 \selectfont
 []

[13
Non-PDF special ignored!
Non-PDF special ignored!
Non-PDF special ignored!
Non-PDF special ignored!
Non-PDF special ignored!
Non-PDF special ignored!
Non-PDF special ignored!
Non-PDF special ignored!
Non-PDF special ignored!
Non-PDF special ignored!
Non-PDF special ignored!
Non-PDF special ignored!] [14
Non-PDF special ignored!
Non-PDF special ignored!
Non-PDF special ignored!
Non-PDF special ignored!
Non-PDF special ignored!
Non-PDF special ignored!
Non-PDF special ignored!
Non-PDF special ignored!
Non-PDF special ignored!
Non-PDF special ignored!
Non-PDF special ignored!
Non-PDF special ignored!
Non-PDF special ignored!
Non-PDF special ignored!
Non-PDF special ignored!
Non-PDF special ignored!
Non-PDF special ignored!
Non-PDF special ignored!] [15
Non-PDF special ignored!
Non-PDF special ignored!
Non-PDF special ignored!
Non-PDF special ignored!
Non-PDF special ignored!
Non-PDF special ignored!
Non-PDF special ignored!
Non-PDF special ignored!
Non-PDF special ignored!
Non-PDF special ignored!
Non-PDF special ignored!
Non-PDF special ignored!
Non-PDF special ignored!
Non-PDF special ignored!
Non-PDF special ignored!
Non-PDF special ignored!
Non-PDF special ignored!
Non-PDF special ignored!
Non-PDF special ignored!
Non-PDF special ignored!
Non-PDF special ignored!
Non-PDF special ignored!
Non-PDF special ignored!
Non-PDF special ignored!
Non-PDF special ignored!
Non-PDF special ignored!
Non-PDF special ignored!
Non-PDF special ignored!
Non-PDF special ignored!
Non-PDF special ignored!
Non-PDF special ignored!
Non-PDF special ignored!
Non-PDF special ignored!
Non-PDF special ignored!]
Overfull \hbox (10.65001pt too wide) in paragraph at lines 1067--1067
[]\OT1/pcr/m/n/10 \textbf{Veg}  & \multicolumn{2}{|c||}{\textbf{Detail}}\\\hlin
e[] 
 []


Overfull \hbox (22.65001pt too wide) in paragraph at lines 1067--1067
[]\OT1/pcr/m/n/10 mushrooms  & dozen     &         86p  \\ \cline{1-1} \cline{3
-3}[] 
 []


Overfull \hbox (18.80717pt too wide) in paragraph at lines 1102--1107
\OT1/ppl/m/n/10 play in land-scape mode. You need to put your ta-ble in-side []
[]\OT1/pcr/m/n/10 \begin{sidewaystable}
 []

[16
Non-PDF special ignored!
Non-PDF special ignored!
Non-PDF special ignored!
Non-PDF special ignored!
Non-PDF special ignored!
Non-PDF special ignored!
Non-PDF special ignored!
Non-PDF special ignored!
Non-PDF special ignored!
Non-PDF special ignored!
Non-PDF special ignored!
Non-PDF special ignored!] [17
Non-PDF special ignored!
Non-PDF special ignored!
Non-PDF special ignored!
Non-PDF special ignored!
Non-PDF special ignored!
Non-PDF special ignored!
Non-PDF special ignored!
Non-PDF special ignored!
Non-PDF special ignored!
Non-PDF special ignored!
Non-PDF special ignored!
Non-PDF special ignored!]
\c@cms=\count121
 [18
Non-PDF special ignored!
Non-PDF special ignored!
Non-PDF special ignored!
Non-PDF special ignored!
Non-PDF special ignored!
Non-PDF special ignored!
Non-PDF special ignored!
Non-PDF special ignored!
Non-PDF special ignored!
Non-PDF special ignored!]
Overfull \hbox (46.65001pt too wide) in paragraph at lines 1262--1262
[]   \OT1/pcr/m/n/10 \> get an umbrella \=\\ % go to the defined tab and set a 
new one[] 
 []

[19
Non-PDF special ignored!
Non-PDF special ignored!
Non-PDF special ignored!
Non-PDF special ignored!
Non-PDF special ignored!
Non-PDF special ignored!
Non-PDF special ignored!
Non-PDF special ignored!
Non-PDF special ignored!
Non-PDF special ignored!
Non-PDF special ignored!
Non-PDF special ignored!
Non-PDF special ignored!
Non-PDF special ignored!
Non-PDF special ignored!
Non-PDF special ignored!
Non-PDF special ignored!
Non-PDF special ignored!] [20
Non-PDF special ignored!
Non-PDF special ignored!
Non-PDF special ignored!
Non-PDF special ignored!
Non-PDF special ignored!
Non-PDF special ignored!
Non-PDF special ignored!
Non-PDF special ignored!
Non-PDF special ignored!
Non-PDF special ignored!
Non-PDF special ignored!
Non-PDF special ignored!
Non-PDF special ignored!
Non-PDF special ignored!]
LaTeX Font Info:    Font shape `OMS/ppl/m/it' in size <10> not available
(Font)              Font shape `OMS/cmsy/m/n' tried instead on input line 1382.

 [21
Non-PDF special ignored!
Non-PDF special ignored!
Non-PDF special ignored!
Non-PDF special ignored!
Non-PDF special ignored!
Non-PDF special ignored!
Non-PDF special ignored!
Non-PDF special ignored!
Non-PDF special ignored!
Non-PDF special ignored!
Non-PDF special ignored!
Non-PDF special ignored!
Non-PDF special ignored!
Non-PDF special ignored!
Non-PDF special ignored!
Non-PDF special ignored!
Non-PDF special ignored!
Non-PDF special ignored!]
Overfull \hbox (34.65001pt too wide) in paragraph at lines 1446--1446
[]\OT1/pcr/m/n/10 Put the text here. Maths, tables, pictures etc are all ok, bu
t not[] 
 []


Overfull \hbox (34.65001pt too wide) in paragraph at lines 1446--1446
[]\OT1/pcr/m/n/10 figures. But you have to remember to load in the \texttt{mult
icol}[] 
 []


Underfull \hbox (badness 10000) in paragraph at lines 1448--1452
[]\OT1/ppl/m/n/10 Put the text here.
 []


Underfull \hbox (badness 6173) in paragraph at lines 1448--1452
\OT1/ppl/m/n/10 Maths, ta-bles, pic-tures
 []

[22
Non-PDF special ignored!
Non-PDF special ignored!
Non-PDF special ignored!
Non-PDF special ignored!
Non-PDF special ignored!
Non-PDF special ignored!
Non-PDF special ignored!
Non-PDF special ignored!
Non-PDF special ignored!
Non-PDF special ignored!
Non-PDF special ignored!
Non-PDF special ignored!
Non-PDF special ignored!
Non-PDF special ignored!
Non-PDF special ignored!
Non-PDF special ignored!
Non-PDF special ignored!
Non-PDF special ignored!
Non-PDF special ignored!
Non-PDF special ignored!]
Overfull \hbox (37.49727pt too wide) in paragraph at lines 1477--1480
[]\OT1/ppl/m/n/10 Engineering De-part-ment users can see the ex-am-ples in \OT1
/pcr/m/n/10 /export/Examples/LaTeX\OT1/ppl/m/n/10 .
 []

Package atveryend Info: Empty hook `BeforeClearDocument' on input line 1485.
[23
Non-PDF special ignored!
Non-PDF special ignored!
Non-PDF special ignored!
Non-PDF special ignored!
Non-PDF special ignored!
Non-PDF special ignored!
Non-PDF special ignored!
Non-PDF special ignored!
Non-PDF special ignored!
Non-PDF special ignored!
Non-PDF special ignored!
Non-PDF special ignored!
Non-PDF special ignored!
Non-PDF special ignored!]
Package atveryend Info: Empty hook `AfterLastShipout' on input line 1485.
 (./latex_advanced.aux)
Package atveryend Info: Executing hook `AtVeryEndDocument' on input line 1485.
Package atveryend Info: Executing hook `AtEndAfterFileList' on input line 1485.

Package rerunfilecheck Info: File `latex_advanced.out' has not changed.
(rerunfilecheck)             Checksum: C947FB4D5A23485A92E7F04CB83F60C3;2325.


LaTeX Warning: Label(s) may have changed. Rerun to get cross-references right.

Package atveryend Info: Empty hook `AtVeryVeryEnd' on input line 1485.
 ) 
Here is how much of TeX's memory you used:
 5720 strings out of 494035
 82395 string characters out of 6158522
 177892 words of memory out of 5000000
 8935 multiletter control sequences out of 15000+600000
 38403 words of font info for 89 fonts, out of 8000000 for 9000
 475 hyphenation exceptions out of 8191
 35i,16n,43p,230b,545s stack positions out of 5000i,500n,10000p,200000b,80000s
{/usr/share/texmf/fonts/enc/dvips/base/8r.enc}</usr/share/texmf/fonts/type1/p
ublic/amsfonts/cm/cmex10.pfb></usr/share/texmf/fonts/type1/public/amsfonts/cm/c
mmi10.pfb></usr/share/texmf/fonts/type1/public/amsfonts/cm/cmmi5.pfb></usr/shar
e/texmf/fonts/type1/public/amsfonts/cm/cmmi7.pfb></usr/share/texmf/fonts/type1/
public/amsfonts/cm/cmmi9.pfb></usr/share/texmf/fonts/type1/public/amsfonts/cm/c
mr10.pfb></usr/share/texmf/fonts/type1/public/amsfonts/cm/cmr5.pfb></usr/share/
texmf/fonts/type1/public/amsfonts/cm/cmr7.pfb></usr/share/texmf/fonts/type1/pub
lic/amsfonts/cm/cmr9.pfb></usr/share/texmf/fonts/type1/public/amsfonts/cm/cmsy1
0.pfb></usr/share/texmf/fonts/type1/public/amsfonts/cm/cmsy6.pfb></usr/share/te
xmf/fonts/type1/public/amsfonts/cm/cmsy7.pfb></usr/share/texmf/fonts/type1/publ
ic/amsfonts/cm/cmsy9.pfb></usr/share/texmf/fonts/type1/public/amsfonts/latxfont
/lcircle1.pfb></usr/share/texmf/fonts/type1/public/amsfonts/latxfont/line10.pfb
></usr/share/texmf/fonts/type1/urw/courier/ucrb8a.pfb></usr/share/texmf/fonts/t
ype1/urw/courier/ucrr8a.pfb></usr/share/texmf/fonts/type1/urw/courier/ucrro8a.p
fb></usr/share/texmf/fonts/type1/urw/helvetic/uhvb8a.pfb></usr/share/texmf/font
s/type1/urw/helvetic/uhvr8a.pfb></usr/share/texmf/fonts/type1/urw/palatino/uplb
8a.pfb></usr/share/texmf/fonts/type1/urw/palatino/uplr8a.pfb></usr/share/texmf/
fonts/type1/urw/palatino/uplr8a.pfb></usr/share/texmf/fonts/type1/urw/palatino/
uplri8a.pfb></usr/share/texmf/fonts/type1/urw/zapfding/uzdr.pfb>
Output written on latex_advanced.pdf (23 pages, 321928 bytes).
PDF statistics:
 489 PDF objects out of 1000 (max. 8388607)
 434 compressed objects within 5 object streams
 86 named destinations out of 1000 (max. 500000)
 305 words of extra memory for PDF output out of 10000 (max. 10000000)

